100
16 101 1170 2316 843 677 1623 580 552 478 9837 243 2506 3929 226 805 8699 606 3471 2491 438 308 2321 822 950 3011 364 2812 944 755 367 1298 1986
1 4651 3626 2378 4291 5227 530 2382 579 1290 496 4535 233 378 227 757 874 1501 749 1912 228 5534 2502 321 1780 7651 2398 9174 3772 1248 4134 2128 583 3400 408 355 2716 1958 193 968
92 504 2952 966 2378 618 2491 1321 855 7860 1581 2454 1131 7189 757 2763 599 9161 297 5534 1688 1427 1501 1272 2642 1637 8017 9584 1248 301 697 2389 333 9479 4867 692 410 1737 1263 3097
38 208 1321 349 183 1624 79 1506 1131 3545 1260 739 844 291 214 277 224 348 1505 832 573 1779 7311 9354 3220 846 488 6239 276 3969 2371 187 915 679 138
32 4651 2378 6269 4291 2419 5227 7691 733 4304 2382 4061 2325 4345 2272 5168 6481 1318 2500 401 4884 967 691 5534 2502 5415 928 4455 1427 2625 9174 6607 1271 4134 2364 3530 799 583 3677 3599 2486 2780 5921 6049
4 93 371 3476 1229 8912 1250 7451 474 227 5245 9219 3067 3976 5445 1085 333 146 7679 1153 247 849 7260 917 7752 115 8166 107 761 444 567 484 6203 1228 252 3975 1310 7055 1502
71 1360 3532 8601 1645 1321 3271 1624 188 1131 7406 6924 8151 520 155 1494 1465 277 1038 4260 1028 440 4557 701 479 348 2647 1505 436 3675 1975 1912 1032 5163 4705 117 977 2371 3684 1495 1671
28 6670 1170 3369 1041 941 7559 843 1004 1107 3054 9230 8176 1623 2426 766 6303 2610 2944 876 731 9837 2384 3689 5428 1003 4374 4977 4055 2625 9495 3894 6607 1301 700 1585 1557 8699 3514
7 1170 2316 2989 4189 494 8909 5974 902 623 1039 2108 1029 1623 580 8719 318 1809 7202 9831 901 608 552 721 1047 5618 7493 3099 9837 6354 243 2506 3929 2890 709 8699 2653 4371 725 2899 1290
62 582 2952 618 6224 274 1581 4127 6937 479 2763 608 7252 999 9755 4476 3971 318 1272 9087 8017 1624 2389 2642 2191 692 490 142 865 3754 3640 7559 3870 2841 1310
68 504 1170 966 618 855 843 677 2454 1501 507 1229 1623 1250 7451 5245 9219 874 9837 9161 1912 2933 5445 7651 115 1637 1085 333 4594 8699 146 9479 681 1153 1958 4977 1310
88 2367 1866 2952 4189 116 2491 274 5974 902 1581 1279 1029 944 1809 2763 721 1047 929 6354 3600 2001 2890 977 3755 1272 8017 301 697 1624 2389 220 3447 6302 2138 9030 725 4266 3244
35 6670 48 1041 7559 9230 766 2610 5428 4374 9495 482 700 1585 1557 448 405 1721 665 855 3215 4765 696 5823 307 1395 349 263 3537 102 1830 1885 711 2032 156 324 74 2148 1151 686
53 1869 600 8423 2316 3369 6845 941 4132 4387 7241 3406 182 1004 5860 6121 2328 5603 5747 467 549 552 874 876 275 1912 2506 3929 458 2377 4055 7651 2398 1024 3894 1301 1675 401 3471 1958 5381
29 2316 941 855 2454 1004 1501 531 580 6924 552 599 876 2386 520 9161 8334 2506 3929 1688 4911 4977 4055 3894 1637 1301 155 1675 930 436 606 1622 9479 5450 3122 3471 410 977 4371 2153
78 4651 728 4291 5227 8909 530 2382 579 623 1229 7202 7451 5245 9749 9219 3099 1296 1915 228 5117 2502 7484 394 321 7881 4723 8970 5445 4766 1310 7055 3244
59 9740 5165 399 133 1655 2583 6882 2188 1098 152 923 763 2736 878 183 6135 733 6357 155 150 169 736 684 25 504 756 1059 1156 5382 325 3126 2430 428 873 8149 6138
5 4651 4291 5227 732 530 6224 2382 4127 6937 934 1292 4589 353 200 7252 3364 904 2502 728 1056 9174 4134 821 196 2571 583 559 1461 355 2763 991 490 6554 966 2208 6502 5409 3870 1263 2841
45 504 2381 966 6038 3898 771 2454 1501 3878 8480 934 1229 2272 6481 1250 5817 7451 870 1093 6261 3738 5245 4547 9219 599 5573 9161 6381 1635 8868 6607 3475 6304 1310
0 4189 2378 440 1191 1107 3054 8176 944 2426 1809 467 227 757 6303 929 2944 1501 731 2384 3689 6354 5534 1003 1427 3755 681 1248 6302 9577 653 9030 2716 267 1476 554 1263
26 600 4387 5974 771 3706 7726 917 1589 609 3476 5747 1015 8912 3632 1425 933 4547 721 874 1047 2600 3067 3976 264 3600 1713 1116 2890 977 7651 3475 3516 3447 1958 725 3975 1290
99 726 3369 4625 5974 771 1004 917 3476 1015 8912 1029 548 5817 870 476 3738 4547 721 1047 3364 876 5573 7641 3067 3976 3600 237 8868 722 1365 2890 4977 977 4055 3475 1301 1593 1557 3975 2153
93 116 803 4387 8909 5974 182 7726 1589 609 5747 3632 7202 721 1047 2600 3099 1713 1116 7881 4723 2890 977 4766 1024 430 220 3447 6611 1290
57 6269 424 8909 4304 829 238 623 1191 3054 8176 3476 8912 2426 7202 474 6924 1155 6303 2944 401 3099 2386 1061 520 2384 3067 8334 418 1003 3976 4455 1972 1112 681 5450 2747 977 583
3 308 618 1321 349 1624 1506 1131 3545 1260 739 291 1127 1215 214 2933 277 1122 348 1505 4594 832 573 1779 453 7311 9354 1202 3220 846 488 1114 2371 187 224 7677 404 1671 3097
23 2367 4651 1866 9740 4291 5227 3001 530 855 2382 2454 9512 623 1501 507 399 1655 7202 463 599 2583 406 3099 9161 1687 1076 6882 2502 2001 1098 583 155 873 708
87 2378 829 208 1321 5974 902 1624 1131 2660 757 721 1047 1501 4420 1061 522 1253 918 5534 3600 928 1972 2890 977 1427 1112 1248 1505 3447 739 1219 6926 729 2716 1415 3490 525 2500 725 583
37 2316 6845 4132 472 4701 1857 7241 1032 3706 6121 2328 1070 1589 366 580 1292 4309 2600 5603 287 1402 2165 904 162 1713 728 5789 6061 312 687 347 3358 3888 2208 849 1263 583 4371
20 582 469 560 597 1257 3706 1589 9825 3632 1425 479 1056 608 933 2600 999 9755 1713 7899 4476 3971 9087 2772 312 2335 3516 2642 4469 9424 692 3358 1632 6611 6651 968
11 600 7320 1634 6269 6624 4387 1645 4304 4625 182 3271 5165 8728 7726 609 5747 5817 7406 3738 1226 874 8151 7328 5573 1912 1494 423 6882 1465 7918 1038 2424 1116 4455 1098 1958 873 709 1671
13 852 8909 623 8687 1229 7202 2384 1924 3099 7881 4723 4766 430 505 7322 2190 5280 405 143 7284 1743 215 162 146 4033 919 566 2735 432
86 2546 588 1428 2952 6845 756 6624 4132 4625 2491 7241 1032 1581 6121 2328 1229 1250 3184 5817 7451 870 4773 2763 1155 3738 5245 9219 3364 5573 1257 1061 5078 7918 1972 995 1310 3849 7055
83 1360 492 2035 1634 6269 7691 4304 5974 3271 1416 9876 2325 3476 8912 1029 3662 1318 318 7406 4204 204 2500 1047 2063 8151 401 3067 1494 1465 418 3976 3600 2522 1038 9412 977 849 725 1671 3975
36 3173 3532 116 8601 5974 902 240 3706 188 1589 115 3632 318 721 1047 2600 522 3600 1713 440 2890 977 2647 3447 291 3358 1912 7833 1032 525 4705 117 239 6611 2181 3115 725 849 5091 859 1951 4171
31 3173 3532 7320 8601 618 732 6224 1321 2580 4259 1624 8728 4127 3000 6937 2272 1131 6481 7252 1226 8473 1127 7641 1215 9848 2424 440 2400 2625 701 479 6607 867 111 4594 3677 686 869 2371 2486 1310
8 579 476 3506 423 1290 4287 81 225 4535 233 604 816 378 3725 749 3666 1056 201 1780 3772 7056 821 7866 2128 3649 3400 1542 4727 974 917 4356 1343 2573 709 8080
47 1410 494 371 8909 1416 4529 3724 3476 1229 8912 3662 8719 7202 7451 474 9831 4204 5245 9219 5618 7493 3099 3067 3976 2522 2638 7881 4723 5445 1153 849 867 3348 728 3975
61 6845 338 6269 4132 424 4304 1857 7241 7860 1021 1032 1191 6121 1107 3054 2328 1070 8176 2426 7189 6303 2944 2165 2384 3689 1003 4455 5789 1056 2642 9584 6061 583 709 6769 1737
70 504 966 6038 6269 4225 4304 1895 3898 2454 1501 9876 507 645 1093 6261 599 2063 2627 401 9161 6381 418 901 9412 519 4455 1688 1271 1637 996 449 4512 4864 6304 2453 681 3248 968
55 7701 797 726 6845 756 941 4132 7691 7241 1032 238 1004 6121 2325 2328 6481 4589 967 1155 2500 3364 2580 1972 2496 1225 4977 1112 4055 3894 6607 203 3530 1675 1461 9539 3677 6877 8754 9595 3490 8759 1256 2814 4679 2633 1144 3964 3477 3514 2148
56 2367 1170 2316 728 7691 174 771 677 1279 917 2325 1623 580 1318 552 9749 4547 2500 478 222 5117 2506 3929 7484 226 6432 3475 1148 3530 379 8699 4371 1502 2264 968
75 1283 494 6662 911 3247 2725 208 1321 3215 3476 8912 1131 8719 1193 474 9831 608 5618 7493 999 3067 1296 1915 850 9755 3976 479 8970 4476 3971 4471 9087 348 1505 2642 8271 329 8270 3348 3975
97 2952 6845 1427 6624 4132 4387 681 2491 274 7241 1981 7860 1021 1581 7726 6121 2328 5747 673 7189 2763 1922 7328 4425 9334 7918 1116 7457 6341 3295 688 3292 1272 9584 1183 583 6769 709 1737 1263
79 222 6670 2316 2207 3247 4625 7559 479 9230 580 2660 548 3184 5817 870 4773 2010 3738 2610 5573 1257 4420 778 1253 568 243 2506 5428 3929 4374 1465 482 3849
24 2546 1360 1428 728 9740 1634 1645 3271 5165 917 3878 8480 399 934 1015 1655 8719 7406 9831 4547 8151 2583 5618 7493 1088 1494 5078 6882 1465 5117 7484 1028 1959 6628 2170 6138 1502
98 1423 4711 1634 1645 2712 349 3064 3271 1506 1292 3545 921 353 3083 7406 1260 844 1069 8151 307 1732 904 1494 1465 1038 728 7717 4260 1028 2546 6608 6008 1756 2208 193 1263 7677
43 1869 600 8423 4911 799 4387 4247 538 3406 5860 135 7726 5603 5747 467 549 7161 874 275 1116 2377 9770 7651 2398 1024 5661 1619 7770 424 3030 1382 408 2501 2579 5415 1958 155 583 120 5381 1572 1495
6 1410 2367 3173 1866 3532 728 8601 7691 371 6224 1624 4529 943 2325 3724 4127 6937 9825 1131 1318 7451 7252 5245 9219 2500 5117 7484 2001 7899 440 5445 6432 2772 867 583 7055
14 240 2316 435 3369 1307 941 6624 3001 311 9512 1004 155 552 876 7328 478 1687 1076 2506 3929 7918 3292 3986 4977 8851 4055 3894 1135 805 789 1301 1675 324 1183 606 1575 947 3471 1320 9595 1387 197 4371 2153
27 1360 1869 1427 1634 3506 1645 6224 1981 3406 4287 235 5603 4127 6937 467 7406 1922 7252 8151 3725 9334 1465 361 4260 1028 2377 1056 4557 428 2475 7056 821 7866 1887 1542 2453 3870 2841 3684 1310
12 1170 1867 7691 829 843 4529 2325 3724 1623 862 5006 1155 9749 2500 1061 4267 5117 7484 498 2638 1972 1969 404 1112 1575 945 456 1148 3530 379 8699 9539 426 739 593 1407 2153 867
72 600 6845 1307 6624 4132 4387 3001 681 7241 311 182 9512 7726 6121 2328 5747 366 549 155 874 7328 275 1687 1912 1076 7918 458 688 3292 3986 8851 7651 1135 1387 1958 583 5381 3102 1495
82 2367 1170 6845 4132 168 681 7241 7860 1032 1279 6121 1506 2328 1623 7189 463 1260 739 844 406 9837 2001 2642 236 9584 8699 832 329 2138 178 573 1779 2072 714 7311 1256 2814 1144 3964 1601 583 6769 7677
21 2381 799 8909 5974 771 3550 623 8687 917 1015 1029 7202 7161 4912 2384 4547 1047 1924 3099 904 258 728 7881 4723 2890 4766 5661 3475 7770 2208 1263 4247 2264 2848
81 2952 7320 7691 3001 618 2491 7860 1021 1581 8728 2325 2272 6481 1318 2660 7189 228 2010 1260 739 844 4420 297 1253 1076 918 2424 3986 2625 6607 1272 2642 9584 2136 686 583 6769 1737 1263
41 5451 2381 560 4911 6269 4304 4247 538 6166 2615 2216 943 2142 620 9825 7161 1571 1484 2868 418 1635 798 519 4455 7899 795 9770 5661 1271 2772 4353 1619 4421 7770 424 675 6656 9424 3052 583 3248 2780 2153
89 222 106 492 9740 3506 423 771 4287 5165 917 441 1015 3662 1655 3184 4773 816 4204 4547 2583 3725 1257 3666 6882 568 361 1098 3475 995 968 9514 6138
91 2367 1360 1866 1634 1645 3271 1279 7406 463 204 8151 406 1494 1465 1038 2001 4260 1028 586 4557 610 162 266 329 3675 3784 1975 2138 2072 284 401 1452 1070 3684 1671
90 2367 1866 6670 4189 1041 4354 7559 1257 1279 943 9230 4508 9825 1425 1188 1056 933 463 2610 406 9824 6354 4374 2001 7899 3755 9495 2772 700 4498 1557 3516 2138 9030 1632 708
2 2367 4651 1866 4911 728 7320 6269 3506 5227 885 4304 1857 4247 2382 7860 579 4287 8728 8719 7161 7189 9831 604 1226 9749 406 3725 5618 7493 3666 2165 1915 5117 679 5661 1502
67 3173 1174 3532 7320 476 3506 4354 4287 3292 3853 5165 8728 3476 4508 8912 3730 3554 8719 3401 1188 9831 1226 3213 1906 2583 3725 5618 7493 3666 9824 3067 6882 3976 2424 874 7056 878 5921 3975 1671
40 5451 560 2952 371 618 274 483 1581 2216 943 9825 1250 1292 353 7451 2763 1484 5245 458 9219 122 728 7899 795 5445 1272 8017 2772 301 697 347 1085 362 9424 6554 2208 554 1310 1482
34 3369 941 3001 4701 4354 6166 2615 9512 1004 2142 4508 1188 4309 876 5603 2868 9824 1687 3986 4055 2377 3894 4353 789 1301 4498 548 6656 3735 131 1094 3947 4555 526 2179 9595 1387 426 2153 3097 708
63 9486 559 641 5313 4354 1321 1624 1257 4508 6428 1131 1425 1188 1056 451 933 1652 499 9824 829 195 348 1505 4498 2335 1010 3516 2566 2148 738 4469 2179 162 4635 4803 859 355 708
15 5451 2952 641 535 4354 753 6224 5974 1581 2216 4127 6937 4508 1029 905 1188 2763 1484 7252 458 9824 2527 2339 1296 3600 8970 795 8886 2890 1056 9907 3860 8017 7585 4421 1624 3447 482 865 4022 708 3244
39 1174 795 771 3853 917 801 6691 3554 862 3401 115 5006 4547 3213 399 4267 270 1947 3475 290 675 2570 1746 1695 1929 630 3045 1129 1051 3233 8558 2589 5921 2170 1597 850 867 1671
66 3173 3532 8601 8909 3292 3730 3545 7202 1260 739 844 1906 3099 1901 214 7881 4723 874 4766 701 479 430 2647 435 2138 4775 1912 7007 5091 4347 3767 3097
96 1869 8423 1307 7320 6624 803 4387 3406 5860 552 8728 7726 5603 5747 1229 1250 549 7451 6924 1226 5245 9219 7328 2527 806 7918 2377 8886 3292 5445 8851 282 1135 355 151 2789 1085 3030 2136 2579
80 1869 8423 1307 2035 6269 355 6624 7123 4225 4304 1895 3406 5860 9876 3878 5603 8480 467 7328 401 903 9872 647 806 168 7918 9412 519 4455 2377 3292 8851 1135 405 182 449 4512 1183 6337 3975 3244
65 1427 3001 1981 9512 1191 1107 3054 8176 3476 8912 2426 6303 2944 731 9334 2384 3067 2527 1296 1915 1003 8970 8886 3986 681 2475 789 9577 1094 653 1519 6190 372 3975 3244 5482
84 3173 3532 8601 472 4701 5667 7860 878 1257 3878 8480 8719 4642 6868 7189 4309 1056 9831 2420 2034 5618 355 7493 5603 3618 2246 679 1215 1122 2377 701 479 4471 606 2642 9584 7699 4594 524 1365 6769 3097 708 2264
64 719 600 597 2207 6662 3247 2725 401 7860 3215 3706 479 1589 3632 1193 7189 223 874 2600 355 2386 8334 1912 850 1713 4911 7651 2398 2642 9584 1622 8271 1958 1737
60 6670 4911 799 1041 6038 3001 4247 3898 7559 538 9512 9230 7161 645 870 1093 6261 766 3738 2610 5573 1687 505 6381 5428 125 4374 8868 3986 9495 482 5661 7770 424 1557 4864 651 6729
17 4651 719 4291 803 5227 4387 2382 579 7726 531 609 5747 227 223 154 105 2386 8334 228 2502 1116 321 4911 1024 9174 4134 2571 583 3030 624 355 1622 5450 3122 2747 968 5381
52 4625 1229 1250 548 5817 7451 870 3738 5245 9219 5573 98 505 8868 5445 337 342 1085 333 326 1366 651 336 7679 293 247 484 268 252 303 1310 3849 7055
18 258 283 338 885 1857 829 238 1070 6691 862 5006 1155 1061 2165 399 4267 1972 5789 6061 945 290 387 739 160 505 3511 1695 3045 3490 3888 2839 208 2741 2420 7984 583 554 5381
94 5451 483 160 2216 2272 6481 1484 458 1296 1915 394 8970 795 2625 6607 310 4421 3677 482 5710 4679 659 4022 265 137 6962 9631 841 302 4591 1371 1558 5794 5064 654 692 5603 3398 120 442 2486 1930 3244
30 1170 732 6224 843 677 1191 1107 3054 8176 6937 1623 2660 2426 2010 6303 7252 2944 2386 9837 4420 2384 3689 8334 918 1003 290 4911 428 8699 624 5450 583 3870 1077
48 5451 8423 2381 3369 3406 1257 3292 1004 3550 5860 552 2216 5603 577 3730 1425 1056 4912 458 1901 258 361 2377 874 4977 4055 3894 1254 1301 4421 435 2335 2566 7495 738 4469 4654 4775 9595 2579 659 4022 4247
54 1410 4911 4247 538 4259 1416 1191 4529 943 1107 3054 3724 8176 3000 9825 3662 7161 6924 6303 4204 449 2944 8473 731 2384 2522 9848 7899 2400 9770 681 5661 2772 355 7770 653 1632 977 867 5514 2153
85 151 6038 283 137 885 1857 3898 1070 2660 645 1093 6261 2010 4420 2165 1253 6381 918 290 5789 170 173 89 6061 996 4864 1219 6926 6304 3511 131 1415 583 7984 4102 6729
49 1360 6670 258 1041 2207 6662 1634 911 3247 2725 401 1645 7559 3271 9230 3545 1193 7406 2610 8151 1465 850 5428 214 4374 1038 1972 4260 1028 1112 4557 9495 482 700 8271 583 7677 3097
50 1360 492 1634 4701 1895 6224 771 1416 9876 917 4127 6937 1015 3662 7406 7252 4204 4547 2063 8151 5603 1402 277 1494 1465 2522 9412 4260 1028 3475 3870 2841 3684 1173 3097 1310 1671 1737
9 5451 2381 6038 7691 3898 1257 2216 262 2325 531 1425 1571 645 228 6261 1056 933 2500 2386 8334 6381 798 795 4911 996 2335 3530 3516 675 2566 4864 9539 2033 624 930 738 5450 6304 2300 6729
95 5451 4911 7320 439 4247 197 538 483 8728 2216 339 8912 905 7161 1484 1226 263 3067 2339 423 3976 2424 795 341 9907 9770 5661 7585 1619 2789 4421 7770 424 4439 2771 6773 586 2501 2136 5710 849 4022
22 2367 4310 369 1142 2989 4911 799 494 3506 3156 423 1461 4247 4625 500 4287 1279 886 8719 2660 5478 7161 870 1158 9831 3738 3725 5618 5573 7493 4420 5661 3849 1737 1290
42 560 641 535 440 4354 295 1191 1107 3054 861 8176 4508 9825 2426 1188 6303 5187 2944 152 2627 731 7031 2384 80 9824 2178 1003 901 7899 4424 366 2772 653 1495
73 719 1869 8423 476 3506 7691 3406 4287 5860 2325 531 5603 225 604 816 2500 3725 2386 8334 361 2377 4911 7056 7866 3530 9539 2033 624 930 1542 1622 5450 3122 487 2300 1965 5658 9880 1963 2579 2747 1360 4653 1651 7086 1077 2060
76 1410 2446 2419 7749 733 4625 1675 777 4061 9512 4529 4588 4345 3724 5168 390 548 870 3738 5573 4884 678 1076 967 1540 395 8868 2638 3986 2364 326 1366 1602 1387 2208 6577
25 852 492 1416 8687 1229 3662 108 4204 2384 1924 2522 505 155 464 98 2007 405 4311 143 1743 919 4225 327 144 119 566 67 242 3162 2762 3655 4392 5482
74 719 5451 1170 4247 197 538 677 1416 2216 3662 1623 190 7161 1484 4204 2627 2386 9837 8334 901 795 9770 5661 4911 1619 4421 7770 1887 8699 624 930 5450 3122 2501 2453 6005 1934 7470 2747 4022 554 728 1077 3097 2848
10 2367 1866 4310 1142 7320 137 803 4387 5667 878 182 1279 8728 7726 5747 2660 549 4642 6868 5478 660 2010 463 1226 2420 2034 708 4420 3618 2246 6011 423 918 342 2001 583 5381 1737 5926 3244 2848
33 2546 3173 1428 3532 1307 6624 8601 753 115 905 7328 2627 1088 2339 5078 901 7918 1959 6628 440 3292 341 9907 8851 701 479 1135 2990 7585 2647 1887 1183 1575 947 963 6005 1320 5091 4281 1572 2383 9365 3097
46 8743 1360 1098 1634 440 1576 1645 829 3271 1191 3054 8176 2660 2426 6397 6869 7406 2010 6303 2944 8151 1293 731 4420 1061 2384 1253 3689 2527 1028 2208 3684 1671
58 3369 535 941 7123 7691 4354 771 2325 4508 1015 1318 1188 228 4547 2500 903 9872 9824 4055 3894 3475 1301 165 3530 9539 2033 675 2570 526 361 2179 194 9595 1129 8558 2170 708 2153
19 2546 1428 4310 1142 494 831 3001 9512 234 8719 5478 279 9831 5618 7493 1419 1088 1687 6011 5078 1076 1296 1915 802 394 1959 6628 3986 315 4471 606 2990 789 4106 3244 1737 708
44 258 641 535 732 4354 4625 829 6224 6937 4508 548 5817 1188 870 476 1155 3738 5573 2386 9824 8334 8868 1972 4911 1112 337 4498 261 326 1366 651 624 5450 526 3870 2841 1077 3849 1310 1290
77 308 618 54 177 132 1127 1215 2933 1122 320 115 4594 453 1202 224 712 1114 2648 6188 7105 6491 5463 324 4431 3561 148 354 1455 23 1221 1374 5432 66 7636 473 1005 313 404 554
51 138 345 487 468 180 2620 297 127 1383 1035 9165 225 493 284 112 4470 7211 101 380 88 1164 137 274 155 49 5794 780 3858 287 1599 367 4946 3722 1387
69 258 2207 6662 911 3247 2725 401 829 3215 238 1193 1155 850 1972 65 1112 229 945 739 505 6450 5233 924 1759 93 3490 633 2401 8271 329 7771 3130 8270 6554 660 2741 148 2744 583 6165 1671 708
